INFO: [VRFC 10-2263] Analyzing Verilog file "D:/8200428/APS/APS.srcs/sources_1/new/ALU.v" into library xil_defaultlib
INFO: [VRFC 10-311] analyzing module ALU
INFO: [VRFC 10-2263] Analyzing Verilog file "D:/8200428/APS/APS.srcs/sources_1/new/wrapper.v" into library xil_defaultlib
INFO: [VRFC 10-311] analyzing module wrapper
INFO: [VRFC 10-2263] Analyzing Verilog file "D:/8200428/APS/APS.srcs/sources_1/new/RF.v" into library xil_defaultlib
INFO: [VRFC 10-311] analyzing module RF
INFO: [VRFC 10-2263] Analyzing Verilog file "D:/8200428/APS/APS.srcs/sources_1/new/RISC_V_decode.v" into library xil_defaultlib
INFO: [VRFC 10-311] analyzing module RISC_V_decode
INFO: [VRFC 10-2263] Analyzing Verilog file "D:/8200428/APS/APS.srcs/sources_1/new/miriscv_core.v" into library xil_defaultlib
INFO: [VRFC 10-311] analyzing module miriscv_core
INFO: [VRFC 10-2263] Analyzing Verilog file "D:/8200428/APS/APS.srcs/sources_1/new/miriscv_lsu.v" into library xil_defaultlib
INFO: [VRFC 10-311] analyzing module miriscv_lsu
INFO: [VRFC 10-2263] Analyzing Verilog file "D:/8200428/APS/APS.srcs/sources_1/new/CSR.v" into library xil_defaultlib
INFO: [VRFC 10-311] analyzing module CSR
INFO: [VRFC 10-2263] Analyzing Verilog file "D:/8200428/APS/APS.srcs/sim_1/new/APS_sm_alu_tb.v" into library xil_defaultlib
INFO: [VRFC 10-311] analyzing module APS_sm_alu_tb
INFO: [VRFC 10-2263] Analyzing Verilog file "D:/8200428/APS/APS.srcs/sim_1/new/APS_RF_tb.v" into library xil_defaultlib
INFO: [VRFC 10-311] analyzing module APS_RF_tb
INFO: [VRFC 10-2263] Analyzing Verilog file "D:/8200428/APS/APS.srcs/sim_1/new/APS_IM_tb.v" into library xil_defaultlib
INFO: [VRFC 10-311] analyzing module APS_IM_tb
INFO: [VRFC 10-2263] Analyzing Verilog file "D:/8200428/APS/APS.srcs/sim_1/new/RISC_V_tb.v" into library xil_defaultlib
INFO: [VRFC 10-311] analyzing module RISC_V_tb
INFO: [VRFC 10-2263] Analyzing Verilog file "D:/8200428/APS/APS.srcs/sim_1/new/APS_DM_tb.v" into library xil_defaultlib
INFO: [VRFC 10-311] analyzing module APS_DM_tb
INFO: [VRFC 10-2263] Analyzing Verilog file "D:/8200428/APS/APS.srcs/sim_1/new/tb_decode_riscv_obf.v" into library xil_defaultlib
INFO: [VRFC 10-311] analyzing module tb_decoder_riscv_obf
INFO: [VRFC 10-2263] Analyzing Verilog file "D:/8200428/APS/APS.srcs/sim_1/new/RISC_V_Processor_tb.v" into library xil_defaultlib
INFO: [VRFC 10-311] analyzing module RISC_V_Processor_tb
INFO: [VRFC 10-2263] Analyzing Verilog file "D:/8200428/APS/APS.srcs/sim_1/new/tb_miriscv_top.v" into library xil_defaultlib
INFO: [VRFC 10-311] analyzing module tb_miriscv_top
INFO: [VRFC 10-2458] undeclared symbol lsu_req_i, assumed default net type wire [D:/8200428/APS/APS.srcs/sim_1/new/tb_miriscv_top.v:81]
INFO: [VRFC 10-2458] undeclared symbol lsu_we_i, assumed default net type wire [D:/8200428/APS/APS.srcs/sim_1/new/tb_miriscv_top.v:82]
